<!DOCTYPE html>

<html>
  <head>
  <title>TestNG reports</title>

    <link type="text/css" href="testng-reports.css" rel="stylesheet" />  
    <script type="text/javascript" src="jquery-1.7.1.min.js"></script>
    <script type="text/javascript" src="testng-reports.js"></script>
    <script type="text/javascript" src="https://www.google.com/jsapi"></script>
    <script type='text/javascript'>
      google.load('visualization', '1', {packages:['table']});
      google.setOnLoadCallback(drawTable);
      var suiteTableInitFunctions = new Array();
      var suiteTableData = new Array();
    </script>
    <!--
      <script type="text/javascript" src="jquery-ui/js/jquery-ui-1.8.16.custom.min.js"></script>
     -->
  </head>

  <body>
    <div class="top-banner-root">
      <span class="top-banner-title-font">Test results</span>
      <br/>
      <span class="top-banner-font-1">1 suite, 2 failed tests</span>
    </div> <!-- top-banner-root -->
    <div class="navigator-root">
      <div class="navigator-suite-header">
        <span>All suites</span>
        <a href="#" class="collapse-all-link" title="Collapse/expand all the suites">
          <img class="collapse-all-icon" src="collapseall.gif">
          </img> <!-- collapse-all-icon -->
        </a> <!-- collapse-all-link -->
      </div> <!-- navigator-suite-header -->
      <div class="suite">
        <div class="rounded-window">
          <div class="suite-header light-rounded-window-top">
            <a href="#" class="navigator-link" panel-name="suite-data_driven_Testing">
              <span class="suite-name border-failed">data driven Testing</span>
            </a> <!-- navigator-link -->
          </div> <!-- suite-header light-rounded-window-top -->
          <div class="navigator-suite-content">
            <div class="suite-section-title">
              <span>Info</span>
            </div> <!-- suite-section-title -->
            <div class="suite-section-content">
              <ul>
                <li>
                  <a href="#" class="navigator-link " panel-name="test-xml-data_driven_Testing">
                    <span>C:\Users\Shiva\Desktop\AshokTesting\WebApplicationTesting\DatadrivernTestFile.xml</span>
                  </a> <!-- navigator-link  -->
                </li>
                <li>
                  <a href="#" class="navigator-link " panel-name="testlist-data_driven_Testing">
                    <span class="test-stats">3 tests</span>
                  </a> <!-- navigator-link  -->
                </li>
                <li>
                  <a href="#" class="navigator-link " panel-name="group-data_driven_Testing">
                    <span>0 groups</span>
                  </a> <!-- navigator-link  -->
                </li>
                <li>
                  <a href="#" class="navigator-link " panel-name="times-data_driven_Testing">
                    <span>Times</span>
                  </a> <!-- navigator-link  -->
                </li>
                <li>
                  <a href="#" class="navigator-link " panel-name="reporter-data_driven_Testing">
                    <span>Reporter output</span>
                  </a> <!-- navigator-link  -->
                </li>
                <li>
                  <a href="#" class="navigator-link " panel-name="ignored-methods-data_driven_Testing">
                    <span>Ignored methods</span>
                  </a> <!-- navigator-link  -->
                </li>
                <li>
                  <a href="#" class="navigator-link " panel-name="chronological-data_driven_Testing">
                    <span>Chronological view</span>
                  </a> <!-- navigator-link  -->
                </li>
              </ul>
            </div> <!-- suite-section-content -->
            <div class="result-section">
              <div class="suite-section-title">
                <span>Results</span>
              </div> <!-- suite-section-title -->
              <div class="suite-section-content">
                <ul>
                  <li>
                    <span class="method-stats">4 methods, 2 failed,   2 passed</span>
                  </li>
                  <li>
                    <span class="method-list-title failed">Failed methods</span>
                    <span class="show-or-hide-methods failed">
                      <a href="#" panel-name="suite-data_driven_Testing" class="hide-methods failed suite-data_driven_Testing"> (hide)</a> <!-- hide-methods failed suite-data_driven_Testing -->
                      <a href="#" panel-name="suite-data_driven_Testing" class="show-methods failed suite-data_driven_Testing"> (show)</a> <!-- show-methods failed suite-data_driven_Testing -->
                    </span>
                    <div class="method-list-content failed suite-data_driven_Testing">
                      <span>
                        <img width="3%" src="failed.png"/>
                        <a href="#" class="method navigator-link" panel-name="suite-data_driven_Testing" title="keyWord.KeyWord_NewToursLogIn" hash-for-method="LogIn">LogIn</a> <!-- method navigator-link -->
                      </span>
                      <br/>
                      <span>
                        <img width="3%" src="failed.png"/>
                        <a href="#" class="method navigator-link" panel-name="suite-data_driven_Testing" title="dataDrivenTesting.NewToursRegistration" hash-for-method="NewUserRegistration">NewUserRegistration</a> <!-- method navigator-link -->
                      </span>
                      <br/>
                    </div> <!-- method-list-content failed suite-data_driven_Testing -->
                  </li>
                  <li>
                    <span class="method-list-title passed">Passed methods</span>
                    <span class="show-or-hide-methods passed">
                      <a href="#" panel-name="suite-data_driven_Testing" class="hide-methods passed suite-data_driven_Testing"> (hide)</a> <!-- hide-methods passed suite-data_driven_Testing -->
                      <a href="#" panel-name="suite-data_driven_Testing" class="show-methods passed suite-data_driven_Testing"> (show)</a> <!-- show-methods passed suite-data_driven_Testing -->
                    </span>
                    <div class="method-list-content passed suite-data_driven_Testing">
                      <span>
                        <img width="3%" src="passed.png"/>
                        <a href="#" class="method navigator-link" panel-name="suite-data_driven_Testing" title="dataDrivenTesting.NewToursRegistration" hash-for-method="Register">Register</a> <!-- method navigator-link -->
                      </span>
                      <br/>
                      <span>
                        <img width="3%" src="passed.png"/>
                        <a href="#" class="method navigator-link" panel-name="suite-data_driven_Testing" title="faceBook.FaceBookTesting" hash-for-method="facebookLaunch">facebookLaunch</a> <!-- method navigator-link -->
                      </span>
                      <br/>
                    </div> <!-- method-list-content passed suite-data_driven_Testing -->
                  </li>
                </ul>
              </div> <!-- suite-section-content -->
            </div> <!-- result-section -->
          </div> <!-- navigator-suite-content -->
        </div> <!-- rounded-window -->
      </div> <!-- suite -->
    </div> <!-- navigator-root -->
    <div class="wrapper">
      <div class="main-panel-root">
        <div panel-name="suite-data_driven_Testing" class="panel data_driven_Testing">
          <div class="suite-data_driven_Testing-class-failed">
            <div class="main-panel-header rounded-window-top">
              <img src="failed.png"/>
              <span class="class-name">dataDrivenTesting.NewToursRegistration</span>
            </div> <!-- main-panel-header rounded-window-top -->
            <div class="main-panel-content rounded-window-bottom">
              <div class="method">
                <div class="method-content">
                  <a name="NewUserRegistration">
                  </a> <!-- NewUserRegistration -->
                  <span class="method-name">NewUserRegistration</span>
                  <div class="stack-trace">java.io.FileNotFoundException: C:\Users\Shiva\Desktop\NewUserTestData.xlsx (The system cannot find the file specified)
	at java.io.FileInputStream.open0(Native Method)
	at java.io.FileInputStream.open(Unknown Source)
	at java.io.FileInputStream.&lt;init&gt;(Unknown Source)
	at java.io.FileInputStream.&lt;init&gt;(Unknown Source)
	at dataDrivenTesting.NewToursRegistration.NewUserRegistration(NewToursRegistration.java:41)
	at java.util.concurrent.FutureTask.run(Unknown Source)
	at java.util.concurrent.ThreadPoolExecutor.runWorker(Unknown Source)
	at java.util.concurrent.ThreadPoolExecutor$Worker.run(Unknown Source)
	at java.lang.Thread.run(Unknown Source)
... Removed 16 stack frames
</div> <!-- stack-trace -->
                </div> <!-- method-content -->
              </div> <!-- method -->
            </div> <!-- main-panel-content rounded-window-bottom -->
          </div> <!-- suite-data_driven_Testing-class-failed -->
          <div class="suite-data_driven_Testing-class-failed">
            <div class="main-panel-header rounded-window-top">
              <img src="failed.png"/>
              <span class="class-name">keyWord.KeyWord_NewToursLogIn</span>
            </div> <!-- main-panel-header rounded-window-top -->
            <div class="main-panel-content rounded-window-bottom">
              <div class="method">
                <div class="method-content">
                  <a name="LogIn">
                  </a> <!-- LogIn -->
                  <span class="method-name">LogIn</span>
                  <div class="stack-trace">org.openqa.selenium.NoSuchElementException: Unable to locate element: {&quot;method&quot;:&quot;xpath&quot;,&quot;selector&quot;:&quot;LogIn&quot;}
Command duration or timeout: 21 milliseconds
For documentation on this error, please visit: http://seleniumhq.org/exceptions/no_such_element.html
Build info: version: &apos;2.53.1&apos;, revision: &apos;a36b8b1&apos;, time: &apos;2016-06-30 17:37:03&apos;
System info: host: &apos;DESKTOP-9S3MC4U&apos;, ip: &apos;192.168.0.19&apos;, os.name: &apos;Windows 10&apos;, os.arch: &apos;amd64&apos;, os.version: &apos;10.0&apos;, java.version: &apos;1.8.0_144&apos;
Driver info: org.openqa.selenium.firefox.FirefoxDriver
Capabilities [{applicationCacheEnabled=true, rotatable=false, handlesAlerts=true, databaseEnabled=true, version=47.0.2, platform=WINDOWS, nativeEvents=false, acceptSslCerts=true, webStorageEnabled=true, locationContextEnabled=true, browserName=firefox, takesScreenshot=true, javascriptEnabled=true, cssSelectorsEnabled=true}]
Session ID: ccce84cc-5e1b-44ae-8a9a-877a2d0e5b1f
*** Element info: {Using=xpath, value=LogIn}
	at org.openqa.selenium.remote.ErrorHandler.createThrowable(ErrorHandler.java:206)
	at org.openqa.selenium.remote.ErrorHandler.throwIfResponseFailed(ErrorHandler.java:158)
	at org.openqa.selenium.remote.RemoteWebDriver.execute(RemoteWebDriver.java:678)
	at org.openqa.selenium.remote.RemoteWebDriver.findElement(RemoteWebDriver.java:363)
	at org.openqa.selenium.remote.RemoteWebDriver.findElementByXPath(RemoteWebDriver.java:500)
	at org.openqa.selenium.By$ByXPath.findElement(By.java:361)
	at org.openqa.selenium.remote.RemoteWebDriver.findElement(RemoteWebDriver.java:355)
	at keyWord.KeyWord_NewToursLogIn.LogIn(KeyWord_NewToursLogIn.java:39)
	at java.util.concurrent.FutureTask.run(Unknown Source)
	at java.util.concurrent.ThreadPoolExecutor.runWorker(Unknown Source)
	at java.util.concurrent.ThreadPoolExecutor$Worker.run(Unknown Source)
	at java.lang.Thread.run(Unknown Source)
Caused by: org.openqa.selenium.NoSuchElementException: Unable to locate element: {&quot;method&quot;:&quot;xpath&quot;,&quot;selector&quot;:&quot;LogIn&quot;}
For documentation on this error, please visit: http://seleniumhq.org/exceptions/no_such_element.html
Build info: version: &apos;2.53.1&apos;, revision: &apos;a36b8b1&apos;, time: &apos;2016-06-30 17:37:03&apos;
System info: host: &apos;DESKTOP-9S3MC4U&apos;, ip: &apos;192.168.0.19&apos;, os.name: &apos;Windows 10&apos;, os.arch: &apos;amd64&apos;, os.version: &apos;10.0&apos;, java.version: &apos;1.8.0_144&apos;
Driver info: driver.version: unknown
	at &lt;anonymous class&gt;.FirefoxDriver.prototype.findElementInternal_(file:///C:/Users/Shiva/AppData/Local/Temp/anonymous7303640208876497231webdriver-profile/extensions/fxdriver@googlecode.com/components/driver-component.js:10770)
	at &lt;anonymous class&gt;.FirefoxDriver.prototype.findElement(file:///C:/Users/Shiva/AppData/Local/Temp/anonymous7303640208876497231webdriver-profile/extensions/fxdriver@googlecode.com/components/driver-component.js:10779)
	at &lt;anonymous class&gt;.DelayedCommand.prototype.executeInternal_/h(file:///C:/Users/Shiva/AppData/Local/Temp/anonymous7303640208876497231webdriver-profile/extensions/fxdriver@googlecode.com/components/command-processor.js:12661)
	at &lt;anonymous class&gt;.DelayedCommand.prototype.executeInternal_(file:///C:/Users/Shiva/AppData/Local/Temp/anonymous7303640208876497231webdriver-profile/extensions/fxdriver@googlecode.com/components/command-processor.js:12666)
	at &lt;anonymous class&gt;.DelayedCommand.prototype.execute/&lt;(file:///C:/Users/Shiva/AppData/Local/Temp/anonymous7303640208876497231webdriver-profile/extensions/fxdriver@googlecode.com/components/command-processor.js:12608)
... Removed 20 stack frames
</div> <!-- stack-trace -->
                </div> <!-- method-content -->
              </div> <!-- method -->
            </div> <!-- main-panel-content rounded-window-bottom -->
          </div> <!-- suite-data_driven_Testing-class-failed -->
          <div class="suite-data_driven_Testing-class-passed">
            <div class="main-panel-header rounded-window-top">
              <img src="passed.png"/>
              <span class="class-name">dataDrivenTesting.NewToursRegistration</span>
            </div> <!-- main-panel-header rounded-window-top -->
            <div class="main-panel-content rounded-window-bottom">
              <div class="method">
                <div class="method-content">
                  <a name="Register">
                  </a> <!-- Register -->
                  <span class="method-name">Register</span>
                </div> <!-- method-content -->
              </div> <!-- method -->
            </div> <!-- main-panel-content rounded-window-bottom -->
          </div> <!-- suite-data_driven_Testing-class-passed -->
          <div class="suite-data_driven_Testing-class-passed">
            <div class="main-panel-header rounded-window-top">
              <img src="passed.png"/>
              <span class="class-name">faceBook.FaceBookTesting</span>
            </div> <!-- main-panel-header rounded-window-top -->
            <div class="main-panel-content rounded-window-bottom">
              <div class="method">
                <div class="method-content">
                  <a name="facebookLaunch">
                  </a> <!-- facebookLaunch -->
                  <span class="method-name">facebookLaunch</span>
                </div> <!-- method-content -->
              </div> <!-- method -->
            </div> <!-- main-panel-content rounded-window-bottom -->
          </div> <!-- suite-data_driven_Testing-class-passed -->
        </div> <!-- panel data_driven_Testing -->
        <div panel-name="test-xml-data_driven_Testing" class="panel">
          <div class="main-panel-header rounded-window-top">
            <span class="header-content">C:\Users\Shiva\Desktop\AshokTesting\WebApplicationTesting\DatadrivernTestFile.xml</span>
          </div> <!-- main-panel-header rounded-window-top -->
          <div class="main-panel-content rounded-window-bottom">
            <pre>
&lt;?xml version=&quot;1.0&quot; encoding=&quot;UTF-8&quot;?&gt;
&lt;!DOCTYPE suite SYSTEM &quot;http://testng.org/testng-1.0.dtd&quot;&gt;
&lt;suite name=&quot;data driven Testing&quot; parallel=&quot;tests&quot;&gt;
  &lt;test name=&quot;NewToursRegistrationTest&quot;&gt;
    &lt;classes&gt;
      &lt;class name=&quot;dataDrivenTesting.NewToursRegistration&quot;/&gt;
    &lt;/classes&gt;
  &lt;/test&gt; &lt;!-- NewToursRegistrationTest --&gt;
  &lt;test name=&quot;NewToursLogInTest&quot;&gt;
    &lt;classes&gt;
      &lt;class name=&quot;keyWord.KeyWord_NewToursLogIn&quot;/&gt;
    &lt;/classes&gt;
  &lt;/test&gt; &lt;!-- NewToursLogInTest --&gt;
  &lt;test name=&quot;newTest&quot;&gt;
    &lt;classes&gt;
      &lt;class name=&quot;faceBook.FaceBookTesting&quot;/&gt;
    &lt;/classes&gt;
  &lt;/test&gt; &lt;!-- newTest --&gt;
&lt;/suite&gt; &lt;!-- data driven Testing --&gt;
            </pre>
          </div> <!-- main-panel-content rounded-window-bottom -->
        </div> <!-- panel -->
        <div panel-name="testlist-data_driven_Testing" class="panel">
          <div class="main-panel-header rounded-window-top">
            <span class="header-content">Tests for data driven Testing</span>
          </div> <!-- main-panel-header rounded-window-top -->
          <div class="main-panel-content rounded-window-bottom">
            <ul>
              <li>
                <span class="test-name">NewToursRegistrationTest (1 class)</span>
              </li>
              <li>
                <span class="test-name">NewToursLogInTest (1 class)</span>
              </li>
              <li>
                <span class="test-name">newTest (1 class)</span>
              </li>
            </ul>
          </div> <!-- main-panel-content rounded-window-bottom -->
        </div> <!-- panel -->
        <div panel-name="group-data_driven_Testing" class="panel">
          <div class="main-panel-header rounded-window-top">
            <span class="header-content">Groups for data driven Testing</span>
          </div> <!-- main-panel-header rounded-window-top -->
          <div class="main-panel-content rounded-window-bottom">
          </div> <!-- main-panel-content rounded-window-bottom -->
        </div> <!-- panel -->
        <div panel-name="times-data_driven_Testing" class="panel">
          <div class="main-panel-header rounded-window-top">
            <span class="header-content">Times for data driven Testing</span>
          </div> <!-- main-panel-header rounded-window-top -->
          <div class="main-panel-content rounded-window-bottom">
            <div class="times-div">
              <script type="text/javascript">
suiteTableInitFunctions.push('tableData_data_driven_Testing');
function tableData_data_driven_Testing() {
var data = new google.visualization.DataTable();
data.addColumn('number', 'Number');
data.addColumn('string', 'Method');
data.addColumn('string', 'Class');
data.addColumn('number', 'Time (ms)');
data.addRows(4);
data.setCell(0, 0, 0)
data.setCell(0, 1, 'facebookLaunch')
data.setCell(0, 2, 'faceBook.FaceBookTesting')
data.setCell(0, 3, 37582);
data.setCell(1, 0, 1)
data.setCell(1, 1, 'Register')
data.setCell(1, 2, 'dataDrivenTesting.NewToursRegistration')
data.setCell(1, 3, 2044);
data.setCell(2, 0, 2)
data.setCell(2, 1, 'LogIn')
data.setCell(2, 2, 'keyWord.KeyWord_NewToursLogIn')
data.setCell(2, 3, 2020);
data.setCell(3, 0, 3)
data.setCell(3, 1, 'NewUserRegistration')
data.setCell(3, 2, 'dataDrivenTesting.NewToursRegistration')
data.setCell(3, 3, 3);
window.suiteTableData['data_driven_Testing']= { tableData: data, tableDiv: 'times-div-data_driven_Testing'}
return data;
}
              </script>
              <span class="suite-total-time">Total running time: 41 seconds</span>
              <div id="times-div-data_driven_Testing">
              </div> <!-- times-div-data_driven_Testing -->
            </div> <!-- times-div -->
          </div> <!-- main-panel-content rounded-window-bottom -->
        </div> <!-- panel -->
        <div panel-name="reporter-data_driven_Testing" class="panel">
          <div class="main-panel-header rounded-window-top">
            <span class="header-content">Reporter output for data driven Testing</span>
          </div> <!-- main-panel-header rounded-window-top -->
          <div class="main-panel-content rounded-window-bottom">
          </div> <!-- main-panel-content rounded-window-bottom -->
        </div> <!-- panel -->
        <div panel-name="ignored-methods-data_driven_Testing" class="panel">
          <div class="main-panel-header rounded-window-top">
            <span class="header-content">0 ignored methods</span>
          </div> <!-- main-panel-header rounded-window-top -->
          <div class="main-panel-content rounded-window-bottom">
          </div> <!-- main-panel-content rounded-window-bottom -->
        </div> <!-- panel -->
        <div panel-name="chronological-data_driven_Testing" class="panel">
          <div class="main-panel-header rounded-window-top">
            <span class="header-content">Methods in chronological order</span>
          </div> <!-- main-panel-header rounded-window-top -->
          <div class="main-panel-content rounded-window-bottom">
            <div class="chronological-class">
              <div class="chronological-class-name">dataDrivenTesting.NewToursRegistration</div> <!-- chronological-class-name -->
              <div class="configuration-test before">
                <span class="method-name">SetUp</span>
                <span class="method-start">0 ms</span>
              </div> <!-- configuration-test before -->
            </div> <!-- chronological-class -->
            <div class="chronological-class">
              <div class="chronological-class-name">keyWord.KeyWord_NewToursLogIn</div> <!-- chronological-class-name -->
              <div class="configuration-test before">
                <span class="method-name">setUp</span>
                <span class="method-start">1 ms</span>
              </div> <!-- configuration-test before -->
            </div> <!-- chronological-class -->
            <div class="chronological-class">
              <div class="chronological-class-name">faceBook.FaceBookTesting</div> <!-- chronological-class-name -->
              <div class="test-method">
                <span class="method-name">facebookLaunch</span>
                <span class="method-start">14 ms</span>
              </div> <!-- test-method -->
            </div> <!-- chronological-class -->
            <div class="chronological-class">
              <div class="chronological-class-name">dataDrivenTesting.NewToursRegistration</div> <!-- chronological-class-name -->
              <div class="test-method">
                <span class="method-name">Register</span>
                <span class="method-start">36704 ms</span>
              </div> <!-- test-method -->
              <div class="test-method">
                <img src="failed.png">
                </img>
                <span class="method-name">NewUserRegistration</span>
                <span class="method-start">38750 ms</span>
              </div> <!-- test-method -->
              <div class="configuration-test after">
                <span class="method-name">TearDown</span>
                <span class="method-start">38772 ms</span>
              </div> <!-- configuration-test after -->
            </div> <!-- chronological-class -->
            <div class="chronological-class">
              <div class="chronological-class-name">keyWord.KeyWord_NewToursLogIn</div> <!-- chronological-class-name -->
              <div class="test-method">
                <img src="failed.png">
                </img>
                <span class="method-name">LogIn</span>
                <span class="method-start">44635 ms</span>
              </div> <!-- test-method -->
              <div class="configuration-test after">
                <span class="method-name">tearDown</span>
                <span class="method-start">46700 ms</span>
              </div> <!-- configuration-test after -->
          </div> <!-- main-panel-content rounded-window-bottom -->
        </div> <!-- panel -->
      </div> <!-- main-panel-root -->
    </div> <!-- wrapper -->
  </body>
</html>
