<?xml version="1.0" encoding="UTF-8"?>
<testng-results skipped="0" failed="2" total="4" passed="2">
  <reporter-output>
  </reporter-output>
  <suite name="data driven Testing" duration-ms="46755" started-at="2017-08-22T07:13:30Z" finished-at="2017-08-22T07:14:17Z">
    <groups>
    </groups>
    <test name="newTest" duration-ms="37611" started-at="2017-08-22T07:13:30Z" finished-at="2017-08-22T07:14:08Z">
      <class name="faceBook.FaceBookTesting">
        <test-method status="PASS" signature="facebookLaunch()[pri:0, instance:faceBook.FaceBookTesting@1b604f19]" name="facebookLaunch" duration-ms="37582" started-at="2017-08-22T08:13:30Z" finished-at="2017-08-22T08:14:08Z">
          <reporter-output>
          </reporter-output>
        </test-method> <!-- facebookLaunch -->
      </class> <!-- faceBook.FaceBookTesting -->
    </test> <!-- newTest -->
    <test name="NewToursRegistrationTest" duration-ms="38803" started-at="2017-08-22T07:13:30Z" finished-at="2017-08-22T07:14:09Z">
      <class name="dataDrivenTesting.NewToursRegistration">
        <test-method status="PASS" signature="SetUp()[pri:0, instance:dataDrivenTesting.NewToursRegistration@4439f31e]" name="SetUp" is-config="true" duration-ms="36703" started-at="2017-08-22T08:13:30Z" finished-at="2017-08-22T08:14:07Z">
          <reporter-output>
          </reporter-output>
        </test-method> <!-- SetUp -->
        <test-method status="PASS" signature="Register()[pri:1, instance:dataDrivenTesting.NewToursRegistration@4439f31e]" name="Register" duration-ms="2044" started-at="2017-08-22T08:14:07Z" finished-at="2017-08-22T08:14:09Z">
          <reporter-output>
          </reporter-output>
        </test-method> <!-- Register -->
        <test-method status="FAIL" signature="NewUserRegistration()[pri:2, instance:dataDrivenTesting.NewToursRegistration@4439f31e]" name="NewUserRegistration" duration-ms="3" started-at="2017-08-22T08:14:09Z" finished-at="2017-08-22T08:14:09Z">
          <exception class="java.io.FileNotFoundException">
            <message>
              <![CDATA[C:\Users\Shiva\Desktop\NewUserTestData.xlsx (The system cannot find the file specified)]]>
            </message>
            <full-stacktrace>
              <![CDATA[java.io.FileNotFoundException: C:\Users\Shiva\Desktop\NewUserTestData.xlsx (The system cannot find the file specified)
	at java.io.FileInputStream.open0(Native Method)
	at java.io.FileInputStream.open(Unknown Source)
	at java.io.FileInputStream.<init>(Unknown Source)
	at java.io.FileInputStream.<init>(Unknown Source)
	at dataDrivenTesting.NewToursRegistration.NewUserRegistration(NewToursRegistration.java:41)
	at sun.reflect.NativeMethodAccessorImpl.invoke0(Native Method)
	at sun.reflect.NativeMethodAccessorImpl.invoke(Unknown Source)
	at sun.reflect.DelegatingMethodAccessorImpl.invoke(Unknown Source)
	at java.lang.reflect.Method.invoke(Unknown Source)
	at org.testng.internal.MethodInvocationHelper.invokeMethod(MethodInvocationHelper.java:85)
	at org.testng.internal.Invoker.invokeMethod(Invoker.java:639)
	at org.testng.internal.Invoker.invokeTestMethod(Invoker.java:816)
	at org.testng.internal.Invoker.invokeTestMethods(Invoker.java:1124)
	at org.testng.internal.TestMethodWorker.invokeTestMethods(TestMethodWorker.java:125)
	at org.testng.internal.TestMethodWorker.run(TestMethodWorker.java:108)
	at org.testng.TestRunner.privateRun(TestRunner.java:774)
	at org.testng.TestRunner.run(TestRunner.java:624)
	at org.testng.SuiteRunner.runTest(SuiteRunner.java:359)
	at org.testng.SuiteRunner.access$000(SuiteRunner.java:39)
	at org.testng.SuiteRunner$SuiteWorker.run(SuiteRunner.java:393)
	at org.testng.internal.thread.ThreadUtil$2.call(ThreadUtil.java:64)
	at java.util.concurrent.FutureTask.run(Unknown Source)
	at java.util.concurrent.ThreadPoolExecutor.runWorker(Unknown Source)
	at java.util.concurrent.ThreadPoolExecutor$Worker.run(Unknown Source)
	at java.lang.Thread.run(Unknown Source)
]]>
            </full-stacktrace>
          </exception> <!-- java.io.FileNotFoundException -->
          <reporter-output>
          </reporter-output>
        </test-method> <!-- NewUserRegistration -->
        <test-method status="PASS" signature="TearDown()[pri:0, instance:dataDrivenTesting.NewToursRegistration@4439f31e]" name="TearDown" is-config="true" duration-ms="22" started-at="2017-08-22T08:14:09Z" finished-at="2017-08-22T08:14:09Z">
          <reporter-output>
          </reporter-output>
        </test-method> <!-- TearDown -->
      </class> <!-- dataDrivenTesting.NewToursRegistration -->
    </test> <!-- NewToursRegistrationTest -->
    <test name="NewToursLogInTest" duration-ms="46755" started-at="2017-08-22T07:13:30Z" finished-at="2017-08-22T07:14:17Z">
      <class name="keyWord.KeyWord_NewToursLogIn">
        <test-method status="PASS" signature="setUp()[pri:0, instance:keyWord.KeyWord_NewToursLogIn@2a5ca609]" name="setUp" is-config="true" duration-ms="44633" started-at="2017-08-22T08:13:30Z" finished-at="2017-08-22T08:14:15Z">
          <reporter-output>
          </reporter-output>
        </test-method> <!-- setUp -->
        <test-method status="FAIL" signature="LogIn()[pri:0, instance:keyWord.KeyWord_NewToursLogIn@2a5ca609]" name="LogIn" duration-ms="2020" started-at="2017-08-22T08:14:15Z" finished-at="2017-08-22T08:14:17Z">
          <exception class="org.openqa.selenium.NoSuchElementException">
            <message>
              <![CDATA[Unable to locate element: {"method":"xpath","selector":"LogIn"}
Command duration or timeout: 21 milliseconds
For documentation on this error, please visit: http://seleniumhq.org/exceptions/no_such_element.html
Build info: version: '2.53.1', revision: 'a36b8b1', time: '2016-06-30 17:37:03'
System info: host: 'DESKTOP-9S3MC4U', ip: '192.168.0.19', os.name: 'Windows 10', os.arch: 'amd64', os.version: '10.0', java.version: '1.8.0_144'
Driver info: org.openqa.selenium.firefox.FirefoxDriver
Capabilities [{applicationCacheEnabled=true, rotatable=false, handlesAlerts=true, databaseEnabled=true, version=47.0.2, platform=WINDOWS, nativeEvents=false, acceptSslCerts=true, webStorageEnabled=true, locationContextEnabled=true, browserName=firefox, takesScreenshot=true, javascriptEnabled=true, cssSelectorsEnabled=true}]
Session ID: ccce84cc-5e1b-44ae-8a9a-877a2d0e5b1f
*** Element info: {Using=xpath, value=LogIn}]]>
            </message>
            <full-stacktrace>
              <![CDATA[org.openqa.selenium.NoSuchElementException: Unable to locate element: {"method":"xpath","selector":"LogIn"}
Command duration or timeout: 21 milliseconds
For documentation on this error, please visit: http://seleniumhq.org/exceptions/no_such_element.html
Build info: version: '2.53.1', revision: 'a36b8b1', time: '2016-06-30 17:37:03'
System info: host: 'DESKTOP-9S3MC4U', ip: '192.168.0.19', os.name: 'Windows 10', os.arch: 'amd64', os.version: '10.0', java.version: '1.8.0_144'
Driver info: org.openqa.selenium.firefox.FirefoxDriver
Capabilities [{applicationCacheEnabled=true, rotatable=false, handlesAlerts=true, databaseEnabled=true, version=47.0.2, platform=WINDOWS, nativeEvents=false, acceptSslCerts=true, webStorageEnabled=true, locationContextEnabled=true, browserName=firefox, takesScreenshot=true, javascriptEnabled=true, cssSelectorsEnabled=true}]
Session ID: ccce84cc-5e1b-44ae-8a9a-877a2d0e5b1f
*** Element info: {Using=xpath, value=LogIn}
	at sun.reflect.NativeConstructorAccessorImpl.newInstance0(Native Method)
	at sun.reflect.NativeConstructorAccessorImpl.newInstance(Unknown Source)
	at sun.reflect.DelegatingConstructorAccessorImpl.newInstance(Unknown Source)
	at java.lang.reflect.Constructor.newInstance(Unknown Source)
	at org.openqa.selenium.remote.ErrorHandler.createThrowable(ErrorHandler.java:206)
	at org.openqa.selenium.remote.ErrorHandler.throwIfResponseFailed(ErrorHandler.java:158)
	at org.openqa.selenium.remote.RemoteWebDriver.execute(RemoteWebDriver.java:678)
	at org.openqa.selenium.remote.RemoteWebDriver.findElement(RemoteWebDriver.java:363)
	at org.openqa.selenium.remote.RemoteWebDriver.findElementByXPath(RemoteWebDriver.java:500)
	at org.openqa.selenium.By$ByXPath.findElement(By.java:361)
	at org.openqa.selenium.remote.RemoteWebDriver.findElement(RemoteWebDriver.java:355)
	at keyWord.KeyWord_NewToursLogIn.LogIn(KeyWord_NewToursLogIn.java:39)
	at sun.reflect.NativeMethodAccessorImpl.invoke0(Native Method)
	at sun.reflect.NativeMethodAccessorImpl.invoke(Unknown Source)
	at sun.reflect.DelegatingMethodAccessorImpl.invoke(Unknown Source)
	at java.lang.reflect.Method.invoke(Unknown Source)
	at org.testng.internal.MethodInvocationHelper.invokeMethod(MethodInvocationHelper.java:85)
	at org.testng.internal.Invoker.invokeMethod(Invoker.java:639)
	at org.testng.internal.Invoker.invokeTestMethod(Invoker.java:816)
	at org.testng.internal.Invoker.invokeTestMethods(Invoker.java:1124)
	at org.testng.internal.TestMethodWorker.invokeTestMethods(TestMethodWorker.java:125)
	at org.testng.internal.TestMethodWorker.run(TestMethodWorker.java:108)
	at org.testng.TestRunner.privateRun(TestRunner.java:774)
	at org.testng.TestRunner.run(TestRunner.java:624)
	at org.testng.SuiteRunner.runTest(SuiteRunner.java:359)
	at org.testng.SuiteRunner.access$000(SuiteRunner.java:39)
	at org.testng.SuiteRunner$SuiteWorker.run(SuiteRunner.java:393)
	at org.testng.internal.thread.ThreadUtil$2.call(ThreadUtil.java:64)
	at java.util.concurrent.FutureTask.run(Unknown Source)
	at java.util.concurrent.ThreadPoolExecutor.runWorker(Unknown Source)
	at java.util.concurrent.ThreadPoolExecutor$Worker.run(Unknown Source)
	at java.lang.Thread.run(Unknown Source)
Caused by: org.openqa.selenium.NoSuchElementException: Unable to locate element: {"method":"xpath","selector":"LogIn"}
For documentation on this error, please visit: http://seleniumhq.org/exceptions/no_such_element.html
Build info: version: '2.53.1', revision: 'a36b8b1', time: '2016-06-30 17:37:03'
System info: host: 'DESKTOP-9S3MC4U', ip: '192.168.0.19', os.name: 'Windows 10', os.arch: 'amd64', os.version: '10.0', java.version: '1.8.0_144'
Driver info: driver.version: unknown
	at <anonymous class>.FirefoxDriver.prototype.findElementInternal_(file:///C:/Users/Shiva/AppData/Local/Temp/anonymous7303640208876497231webdriver-profile/extensions/fxdriver@googlecode.com/components/driver-component.js:10770)
	at <anonymous class>.FirefoxDriver.prototype.findElement(file:///C:/Users/Shiva/AppData/Local/Temp/anonymous7303640208876497231webdriver-profile/extensions/fxdriver@googlecode.com/components/driver-component.js:10779)
	at <anonymous class>.DelayedCommand.prototype.executeInternal_/h(file:///C:/Users/Shiva/AppData/Local/Temp/anonymous7303640208876497231webdriver-profile/extensions/fxdriver@googlecode.com/components/command-processor.js:12661)
	at <anonymous class>.DelayedCommand.prototype.executeInternal_(file:///C:/Users/Shiva/AppData/Local/Temp/anonymous7303640208876497231webdriver-profile/extensions/fxdriver@googlecode.com/components/command-processor.js:12666)
	at <anonymous class>.DelayedCommand.prototype.execute/<(file:///C:/Users/Shiva/AppData/Local/Temp/anonymous7303640208876497231webdriver-profile/extensions/fxdriver@googlecode.com/components/command-processor.js:12608)
]]>
            </full-stacktrace>
          </exception> <!-- org.openqa.selenium.NoSuchElementException -->
          <reporter-output>
          </reporter-output>
        </test-method> <!-- LogIn -->
        <test-method status="PASS" signature="tearDown()[pri:0, instance:keyWord.KeyWord_NewToursLogIn@2a5ca609]" name="tearDown" is-config="true" duration-ms="46" started-at="2017-08-22T08:14:17Z" finished-at="2017-08-22T08:14:17Z">
          <reporter-output>
          </reporter-output>
        </test-method> <!-- tearDown -->
      </class> <!-- keyWord.KeyWord_NewToursLogIn -->
    </test> <!-- NewToursLogInTest -->
  </suite> <!-- data driven Testing -->
</testng-results>
